2024-01-01 20:16:17,698 - root - INFO - 1. INICIO:
2024-01-01 20:16:21,688 - __main__ - INFO - Usuário solicitado
2024-01-01 20:16:24,269 - __main__ - INFO - Senha solicitada
2024-01-01 20:16:25,237 - __main__ - INFO - Usuário confirmou para salvar
2024-01-01 20:16:25,239 - root - INFO - Novo arquivo criado e dados salvos
2024-01-01 20:16:37,828 - root - INFO - 1. INICIO:
2024-01-01 20:16:42,407 - __main__ - INFO - Usuário solicitado
2024-01-01 20:16:45,101 - __main__ - INFO - Senha solicitada
2024-01-01 20:16:46,174 - __main__ - INFO - Usuário confirmou para salvar
2024-01-01 20:16:46,175 - root - INFO - Dados adicionados ao arquivo existente
2024-01-01 20:20:49,849 - root - INFO - 1. INICIO:
2024-01-01 20:20:52,582 - __main__ - INFO - Usuário solicitado
2024-01-01 20:20:55,131 - __main__ - INFO - Senha solicitada
2024-01-01 20:20:56,483 - __main__ - INFO - Usuário confirmou para salvar
2024-01-01 20:20:56,485 - root - INFO - Dados adicionados ao arquivo existente
2024-01-02 12:10:50,064 - root - INFO - INICIO: screenshot calculadora.
2024-01-02 12:10:50,064 - root - INFO - Coordenadas do screenshot inseridas.
2024-01-02 12:10:50,111 - root - INFO - Screenshot salvo.
2024-01-02 12:11:21,936 - root - INFO - INICIO: screenshot notepad.
2024-01-02 12:11:27,014 - root - ERROR - Erro ao tirar screenshot do notepad: name 'keyboard' is not defined
2024-01-02 12:12:53,415 - root - INFO - INICIO: screenshot notepad.
2024-01-02 12:12:58,709 - root - INFO - Notepad aberto.
2024-01-02 12:12:58,765 - PIL.Image - DEBUG - Importing BlpImagePlugin
2024-01-02 12:12:58,765 - PIL.Image - DEBUG - Importing BmpImagePlugin
2024-01-02 12:12:58,765 - PIL.Image - DEBUG - Importing BufrStubImagePlugin
2024-01-02 12:12:58,765 - PIL.Image - DEBUG - Importing CurImagePlugin
2024-01-02 12:12:58,765 - PIL.Image - DEBUG - Importing DcxImagePlugin
2024-01-02 12:12:58,780 - PIL.Image - DEBUG - Importing DdsImagePlugin
2024-01-02 12:12:58,780 - PIL.Image - DEBUG - Importing EpsImagePlugin
2024-01-02 12:12:58,780 - PIL.Image - DEBUG - Importing FitsImagePlugin
2024-01-02 12:12:58,780 - PIL.Image - DEBUG - Importing FliImagePlugin
2024-01-02 12:12:58,780 - PIL.Image - DEBUG - Importing FpxImagePlugin
2024-01-02 12:12:58,780 - PIL.Image - DEBUG - Image: failed to import FpxImagePlugin: No module named 'olefile'
2024-01-02 12:12:58,780 - PIL.Image - DEBUG - Importing FtexImagePlugin
2024-01-02 12:12:58,780 - PIL.Image - DEBUG - Importing GbrImagePlugin
2024-01-02 12:12:58,796 - PIL.Image - DEBUG - Importing GifImagePlugin
2024-01-02 12:12:58,796 - PIL.Image - DEBUG - Importing GribStubImagePlugin
2024-01-02 12:12:58,796 - PIL.Image - DEBUG - Importing Hdf5StubImagePlugin
2024-01-02 12:12:58,796 - PIL.Image - DEBUG - Importing IcnsImagePlugin
2024-01-02 12:12:58,796 - PIL.Image - DEBUG - Importing IcoImagePlugin
2024-01-02 12:12:58,796 - PIL.Image - DEBUG - Importing ImImagePlugin
2024-01-02 12:12:58,796 - PIL.Image - DEBUG - Importing ImtImagePlugin
2024-01-02 12:12:58,796 - PIL.Image - DEBUG - Importing IptcImagePlugin
2024-01-02 12:12:58,796 - PIL.Image - DEBUG - Importing JpegImagePlugin
2024-01-02 12:12:58,796 - PIL.Image - DEBUG - Importing Jpeg2KImagePlugin
2024-01-02 12:12:58,796 - PIL.Image - DEBUG - Importing McIdasImagePlugin
2024-01-02 12:12:58,796 - PIL.Image - DEBUG - Importing MicImagePlugin
2024-01-02 12:12:58,796 - PIL.Image - DEBUG - Image: failed to import MicImagePlugin: No module named 'olefile'
2024-01-02 12:12:58,796 - PIL.Image - DEBUG - Importing MpegImagePlugin
2024-01-02 12:12:58,796 - PIL.Image - DEBUG - Importing MpoImagePlugin
2024-01-02 12:12:58,811 - PIL.Image - DEBUG - Importing MspImagePlugin
2024-01-02 12:12:58,811 - PIL.Image - DEBUG - Importing PalmImagePlugin
2024-01-02 12:12:58,811 - PIL.Image - DEBUG - Importing PcdImagePlugin
2024-01-02 12:12:58,811 - PIL.Image - DEBUG - Importing PcxImagePlugin
2024-01-02 12:12:58,811 - PIL.Image - DEBUG - Importing PdfImagePlugin
2024-01-02 12:12:58,827 - PIL.Image - DEBUG - Importing PixarImagePlugin
2024-01-02 12:12:58,827 - PIL.Image - DEBUG - Importing PngImagePlugin
2024-01-02 12:12:58,827 - PIL.Image - DEBUG - Importing PpmImagePlugin
2024-01-02 12:12:58,827 - PIL.Image - DEBUG - Importing PsdImagePlugin
2024-01-02 12:12:58,827 - PIL.Image - DEBUG - Importing QoiImagePlugin
2024-01-02 12:12:58,827 - PIL.Image - DEBUG - Importing SgiImagePlugin
2024-01-02 12:12:58,827 - PIL.Image - DEBUG - Importing SpiderImagePlugin
2024-01-02 12:12:58,827 - PIL.Image - DEBUG - Importing SunImagePlugin
2024-01-02 12:12:58,827 - PIL.Image - DEBUG - Importing TgaImagePlugin
2024-01-02 12:12:58,827 - PIL.Image - DEBUG - Importing TiffImagePlugin
2024-01-02 12:12:58,827 - PIL.Image - DEBUG - Importing WebPImagePlugin
2024-01-02 12:12:58,845 - PIL.Image - DEBUG - Importing WmfImagePlugin
2024-01-02 12:12:58,859 - PIL.Image - DEBUG - Importing XbmImagePlugin
2024-01-02 12:12:58,859 - PIL.Image - DEBUG - Importing XpmImagePlugin
2024-01-02 12:12:58,859 - PIL.Image - DEBUG - Importing XVThumbImagePlugin
2024-01-02 12:12:58,859 - root - ERROR - Erro ao tirar screenshot do notepad: unknown file extension: 
2024-01-02 12:14:30,450 - root - INFO - INICIO: screenshot notepad.
2024-01-02 12:14:35,744 - root - INFO - Notepad aberto.
2024-01-02 12:14:35,809 - root - ERROR - Erro ao tirar screenshot do notepad: [Errno 2] No such file or directory: '.assets/screenshot2.jpg'
2024-01-02 12:16:15,471 - root - INFO - INICIO: screenshot notepad.
2024-01-02 12:16:20,747 - root - INFO - Notepad aberto.
2024-01-02 12:16:20,807 - root - INFO - Screenshot salvo.
2024-01-02 16:04:22,926 - root - INFO - INICIO: Localizando calculadora.
2024-01-02 16:04:22,955 - root - ERROR - Erro ao localizar a calculadora: [Errno 2] No such file or directory: 'assts/calc-botao-4.png'
2024-01-02 16:07:42,004 - root - INFO - INICIO: Localizando calculadora.
2024-01-02 16:07:42,052 - root - ERROR - Erro ao localizar a calculadora: [Errno 2] No such file or directory: 'assts/calc-botao-4.png'
2024-01-02 16:08:27,478 - root - INFO - INICIO: Localizando calculadora.
2024-01-02 16:08:27,539 - PIL.PngImagePlugin - DEBUG - STREAM b'IHDR' 16 13
2024-01-02 16:08:27,541 - PIL.PngImagePlugin - DEBUG - STREAM b'sRGB' 41 1
2024-01-02 16:08:27,541 - PIL.PngImagePlugin - DEBUG - STREAM b'gAMA' 54 4
2024-01-02 16:08:27,541 - PIL.PngImagePlugin - DEBUG - STREAM b'pHYs' 70 9
2024-01-02 16:08:27,541 - PIL.PngImagePlugin - DEBUG - STREAM b'iTXt' 91 93
2024-01-02 16:08:27,541 - PIL.PngImagePlugin - DEBUG - STREAM b'IDAT' 196 423
2024-01-02 16:08:27,828 - root - ERROR - Erro ao localizar a calculadora: 
2024-01-02 16:09:28,273 - root - INFO - INICIO: Localizando calculadora.
2024-01-02 16:09:28,308 - PIL.PngImagePlugin - DEBUG - STREAM b'IHDR' 16 13
2024-01-02 16:09:28,308 - PIL.PngImagePlugin - DEBUG - STREAM b'sRGB' 41 1
2024-01-02 16:09:28,308 - PIL.PngImagePlugin - DEBUG - STREAM b'gAMA' 54 4
2024-01-02 16:09:28,308 - PIL.PngImagePlugin - DEBUG - STREAM b'pHYs' 70 9
2024-01-02 16:09:28,308 - PIL.PngImagePlugin - DEBUG - STREAM b'iTXt' 91 93
2024-01-02 16:09:28,308 - PIL.PngImagePlugin - DEBUG - STREAM b'IDAT' 196 423
2024-01-02 16:09:28,577 - PIL.PngImagePlugin - DEBUG - STREAM b'IHDR' 16 13
2024-01-02 16:09:28,577 - PIL.PngImagePlugin - DEBUG - STREAM b'sRGB' 41 1
2024-01-02 16:09:28,577 - PIL.PngImagePlugin - DEBUG - STREAM b'gAMA' 54 4
2024-01-02 16:09:28,577 - PIL.PngImagePlugin - DEBUG - STREAM b'pHYs' 70 9
2024-01-02 16:09:28,577 - PIL.PngImagePlugin - DEBUG - STREAM b'iTXt' 91 93
2024-01-02 16:09:28,577 - PIL.PngImagePlugin - DEBUG - STREAM b'IDAT' 196 408
2024-01-02 16:09:28,871 - PIL.PngImagePlugin - DEBUG - STREAM b'IHDR' 16 13
2024-01-02 16:09:28,871 - PIL.PngImagePlugin - DEBUG - STREAM b'sRGB' 41 1
2024-01-02 16:09:28,871 - PIL.PngImagePlugin - DEBUG - STREAM b'gAMA' 54 4
2024-01-02 16:09:28,871 - PIL.PngImagePlugin - DEBUG - STREAM b'pHYs' 70 9
2024-01-02 16:09:28,871 - PIL.PngImagePlugin - DEBUG - STREAM b'iTXt' 91 93
2024-01-02 16:09:28,871 - PIL.PngImagePlugin - DEBUG - STREAM b'IDAT' 196 423
2024-01-02 16:09:29,118 - PIL.PngImagePlugin - DEBUG - STREAM b'IHDR' 16 13
2024-01-02 16:09:29,118 - PIL.PngImagePlugin - DEBUG - STREAM b'sRGB' 41 1
2024-01-02 16:09:29,118 - PIL.PngImagePlugin - DEBUG - STREAM b'gAMA' 54 4
2024-01-02 16:09:29,118 - PIL.PngImagePlugin - DEBUG - STREAM b'pHYs' 70 9
2024-01-02 16:09:29,118 - PIL.PngImagePlugin - DEBUG - STREAM b'iTXt' 91 93
2024-01-02 16:09:29,118 - PIL.PngImagePlugin - DEBUG - STREAM b'IDAT' 196 408
2024-01-02 16:09:29,361 - root - INFO - Coordenadas salvas
2024-01-02 16:09:31,728 - root - INFO - Movimento click executado.
2024-01-02 16:48:21,942 - root - INFO - INICIO: Localizando calculadora.
2024-01-02 16:48:21,996 - PIL.PngImagePlugin - DEBUG - STREAM b'IHDR' 16 13
2024-01-02 16:48:21,996 - PIL.PngImagePlugin - DEBUG - STREAM b'sRGB' 41 1
2024-01-02 16:48:21,996 - PIL.PngImagePlugin - DEBUG - STREAM b'gAMA' 54 4
2024-01-02 16:48:21,996 - PIL.PngImagePlugin - DEBUG - STREAM b'pHYs' 70 9
2024-01-02 16:48:21,996 - PIL.PngImagePlugin - DEBUG - STREAM b'iTXt' 91 93
2024-01-02 16:48:21,996 - PIL.PngImagePlugin - DEBUG - STREAM b'IDAT' 196 423
2024-01-02 16:48:22,252 - PIL.PngImagePlugin - DEBUG - STREAM b'IHDR' 16 13
2024-01-02 16:48:22,252 - PIL.PngImagePlugin - DEBUG - STREAM b'sRGB' 41 1
2024-01-02 16:48:22,252 - PIL.PngImagePlugin - DEBUG - STREAM b'gAMA' 54 4
2024-01-02 16:48:22,252 - PIL.PngImagePlugin - DEBUG - STREAM b'pHYs' 70 9
2024-01-02 16:48:22,252 - PIL.PngImagePlugin - DEBUG - STREAM b'iTXt' 91 93
2024-01-02 16:48:22,253 - PIL.PngImagePlugin - DEBUG - STREAM b'IDAT' 196 408
2024-01-02 16:48:22,525 - PIL.PngImagePlugin - DEBUG - STREAM b'IHDR' 16 13
2024-01-02 16:48:22,525 - PIL.PngImagePlugin - DEBUG - STREAM b'sRGB' 41 1
2024-01-02 16:48:22,525 - PIL.PngImagePlugin - DEBUG - STREAM b'gAMA' 54 4
2024-01-02 16:48:22,525 - PIL.PngImagePlugin - DEBUG - STREAM b'pHYs' 70 9
2024-01-02 16:48:22,525 - PIL.PngImagePlugin - DEBUG - STREAM b'iTXt' 91 93
2024-01-02 16:48:22,525 - PIL.PngImagePlugin - DEBUG - STREAM b'IDAT' 196 423
2024-01-02 16:48:22,784 - PIL.PngImagePlugin - DEBUG - STREAM b'IHDR' 16 13
2024-01-02 16:48:22,784 - PIL.PngImagePlugin - DEBUG - STREAM b'sRGB' 41 1
2024-01-02 16:48:22,784 - PIL.PngImagePlugin - DEBUG - STREAM b'gAMA' 54 4
2024-01-02 16:48:22,784 - PIL.PngImagePlugin - DEBUG - STREAM b'pHYs' 70 9
2024-01-02 16:48:22,784 - PIL.PngImagePlugin - DEBUG - STREAM b'iTXt' 91 93
2024-01-02 16:48:22,784 - PIL.PngImagePlugin - DEBUG - STREAM b'IDAT' 196 408
2024-01-02 16:48:23,039 - root - INFO - Coordenadas salvas
2024-01-02 16:48:25,393 - root - INFO - Movimento click executado.
2024-01-02 18:58:44,312 - root - INFO - INICIO: Localizando calculadora.
2024-01-02 18:58:44,368 - PIL.PngImagePlugin - DEBUG - STREAM b'IHDR' 16 13
2024-01-02 18:58:44,368 - PIL.PngImagePlugin - DEBUG - STREAM b'sRGB' 41 1
2024-01-02 18:58:44,368 - PIL.PngImagePlugin - DEBUG - STREAM b'gAMA' 54 4
2024-01-02 18:58:44,368 - PIL.PngImagePlugin - DEBUG - STREAM b'pHYs' 70 9
2024-01-02 18:58:44,368 - PIL.PngImagePlugin - DEBUG - STREAM b'iTXt' 91 93
2024-01-02 18:58:44,368 - PIL.PngImagePlugin - DEBUG - STREAM b'IDAT' 196 423
2024-01-02 18:58:44,651 - root - ERROR - Erro ao localizar a calculadora: 
2024-01-02 18:58:47,415 - root - INFO - INICIO: Clicando no captcha.
2024-01-02 18:58:47,476 - PIL.PngImagePlugin - DEBUG - STREAM b'IHDR' 16 13
2024-01-02 18:58:47,476 - PIL.PngImagePlugin - DEBUG - STREAM b'sRGB' 41 1
2024-01-02 18:58:47,476 - PIL.PngImagePlugin - DEBUG - STREAM b'gAMA' 54 4
2024-01-02 18:58:47,476 - PIL.PngImagePlugin - DEBUG - STREAM b'pHYs' 70 9
2024-01-02 18:58:47,476 - PIL.PngImagePlugin - DEBUG - STREAM b'iTXt' 91 93
2024-01-02 18:58:47,476 - PIL.PngImagePlugin - DEBUG - STREAM b'IDAT' 196 196
2024-01-02 18:58:47,760 - root - ERROR - Erro ao clicar no captcha: 
2024-01-02 19:00:13,468 - root - INFO - INICIO: Clicando no captcha.
2024-01-02 19:00:13,515 - PIL.PngImagePlugin - DEBUG - STREAM b'IHDR' 16 13
2024-01-02 19:00:13,515 - PIL.PngImagePlugin - DEBUG - STREAM b'sRGB' 41 1
2024-01-02 19:00:13,515 - PIL.PngImagePlugin - DEBUG - STREAM b'gAMA' 54 4
2024-01-02 19:00:13,515 - PIL.PngImagePlugin - DEBUG - STREAM b'pHYs' 70 9
2024-01-02 19:00:13,515 - PIL.PngImagePlugin - DEBUG - STREAM b'iTXt' 91 93
2024-01-02 19:00:13,515 - PIL.PngImagePlugin - DEBUG - STREAM b'IDAT' 196 196
2024-01-02 19:00:14,829 - root - INFO - Captcha clicado.
2024-01-02 19:05:21,694 - root - INFO - INICIO: Clicando no captcha.
2024-01-02 19:05:21,736 - PIL.PngImagePlugin - DEBUG - STREAM b'IHDR' 16 13
2024-01-02 19:05:21,737 - PIL.PngImagePlugin - DEBUG - STREAM b'sRGB' 41 1
2024-01-02 19:05:21,737 - PIL.PngImagePlugin - DEBUG - STREAM b'gAMA' 54 4
2024-01-02 19:05:21,737 - PIL.PngImagePlugin - DEBUG - STREAM b'pHYs' 70 9
2024-01-02 19:05:21,737 - PIL.PngImagePlugin - DEBUG - STREAM b'iTXt' 91 93
2024-01-02 19:05:21,737 - PIL.PngImagePlugin - DEBUG - STREAM b'IDAT' 196 196
2024-01-02 19:05:22,035 - root - ERROR - Erro ao clicar no captcha: 
2024-01-02 19:10:13,985 - root - INFO - INICIO: Clicando no captcha.
2024-01-02 19:10:14,051 - PIL.PngImagePlugin - DEBUG - STREAM b'IHDR' 16 13
2024-01-02 19:10:14,051 - PIL.PngImagePlugin - DEBUG - STREAM b'sRGB' 41 1
2024-01-02 19:10:14,051 - PIL.PngImagePlugin - DEBUG - STREAM b'gAMA' 54 4
2024-01-02 19:10:14,051 - PIL.PngImagePlugin - DEBUG - STREAM b'pHYs' 70 9
2024-01-02 19:10:14,051 - PIL.PngImagePlugin - DEBUG - STREAM b'iTXt' 91 93
2024-01-02 19:10:14,051 - PIL.PngImagePlugin - DEBUG - STREAM b'IDAT' 196 196
2024-01-02 19:10:14,351 - root - ERROR - Erro ao clicar no captcha: 
2024-01-02 19:12:26,914 - root - INFO - INICIO: Clicando no captcha.
2024-01-02 19:12:26,963 - PIL.PngImagePlugin - DEBUG - STREAM b'IHDR' 16 13
2024-01-02 19:12:26,963 - PIL.PngImagePlugin - DEBUG - STREAM b'sRGB' 41 1
2024-01-02 19:12:26,963 - PIL.PngImagePlugin - DEBUG - STREAM b'gAMA' 54 4
2024-01-02 19:12:26,963 - PIL.PngImagePlugin - DEBUG - STREAM b'pHYs' 70 9
2024-01-02 19:12:26,963 - PIL.PngImagePlugin - DEBUG - STREAM b'iTXt' 91 93
2024-01-02 19:12:26,963 - PIL.PngImagePlugin - DEBUG - STREAM b'IDAT' 196 196
2024-01-02 19:12:27,234 - root - ERROR - Erro ao clicar no captcha: 
Traceback (most recent call last):
  File "C:\Users\elias\AppData\Local\Programs\Python\Python312\Lib\site-packages\pyautogui\__init__.py", line 172, in wrapper
    return wrappedFunction(*args, **kwargs)
           ^^^^^^^^^^^^^^^^^^^^^^^^^^^^^^^^
  File "C:\Users\elias\AppData\Local\Programs\Python\Python312\Lib\site-packages\pyautogui\__init__.py", line 204, in locateCenterOnScreen
    return pyscreeze.locateCenterOnScreen(*args, **kwargs)
           ^^^^^^^^^^^^^^^^^^^^^^^^^^^^^^^^^^^^^^^^^^^^^^^
  File "C:\Users\elias\AppData\Local\Programs\Python\Python312\Lib\site-packages\pyscreeze\__init__.py", line 447, in locateCenterOnScreen
    coords = locateOnScreen(image, **kwargs)
             ^^^^^^^^^^^^^^^^^^^^^^^^^^^^^^^
  File "C:\Users\elias\AppData\Local\Programs\Python\Python312\Lib\site-packages\pyscreeze\__init__.py", line 405, in locateOnScreen
    retVal = locate(image, screenshotIm, **kwargs)
             ^^^^^^^^^^^^^^^^^^^^^^^^^^^^^^^^^^^^^
  File "C:\Users\elias\AppData\Local\Programs\Python\Python312\Lib\site-packages\pyscreeze\__init__.py", line 383, in locate
    points = tuple(locateAll(needleImage, haystackImage, **kwargs))
             ^^^^^^^^^^^^^^^^^^^^^^^^^^^^^^^^^^^^^^^^^^^^^^^^^^^^^^
  File "C:\Users\elias\AppData\Local\Programs\Python\Python312\Lib\site-packages\pyscreeze\__init__.py", line 371, in _locateAll_pillow
    raise ImageNotFoundException('Could not locate the image.')
pyscreeze.ImageNotFoundException: Could not locate the image.

During handling of the above exception, another exception occurred:

Traceback (most recent call last):
  File "C:\Users\elias\Workspace\python-automation\pyautogui_reconhecimento_imagem.py", line 45, in clicando_no_captcha
    captcha = pyautogui.locateCenterOnScreen('assets/captcha.png')
              ^^^^^^^^^^^^^^^^^^^^^^^^^^^^^^^^^^^^^^^^^^^^^^^^^^^^
  File "C:\Users\elias\AppData\Local\Programs\Python\Python312\Lib\site-packages\pyautogui\__init__.py", line 174, in wrapper
    raise ImageNotFoundException  # Raise PyAutoGUI's ImageNotFoundException.
    ^^^^^^^^^^^^^^^^^^^^^^^^^^^^
pyautogui.ImageNotFoundException
2024-01-02 19:13:42,148 - root - INFO - INICIO: Clicando no captcha.
2024-01-02 19:13:42,184 - PIL.PngImagePlugin - DEBUG - STREAM b'IHDR' 16 13
2024-01-02 19:13:42,184 - PIL.PngImagePlugin - DEBUG - STREAM b'sRGB' 41 1
2024-01-02 19:13:42,184 - PIL.PngImagePlugin - DEBUG - STREAM b'gAMA' 54 4
2024-01-02 19:13:42,184 - PIL.PngImagePlugin - DEBUG - STREAM b'pHYs' 70 9
2024-01-02 19:13:42,184 - PIL.PngImagePlugin - DEBUG - STREAM b'iTXt' 91 93
2024-01-02 19:13:42,184 - PIL.PngImagePlugin - DEBUG - STREAM b'IDAT' 196 196
2024-01-02 19:13:42,462 - root - ERROR - Erro ao clicar no captcha: 
Traceback (most recent call last):
  File "C:\Users\elias\AppData\Local\Programs\Python\Python312\Lib\site-packages\pyautogui\__init__.py", line 172, in wrapper
    return wrappedFunction(*args, **kwargs)
           ^^^^^^^^^^^^^^^^^^^^^^^^^^^^^^^^
  File "C:\Users\elias\AppData\Local\Programs\Python\Python312\Lib\site-packages\pyautogui\__init__.py", line 204, in locateCenterOnScreen
    return pyscreeze.locateCenterOnScreen(*args, **kwargs)
           ^^^^^^^^^^^^^^^^^^^^^^^^^^^^^^^^^^^^^^^^^^^^^^^
  File "C:\Users\elias\AppData\Local\Programs\Python\Python312\Lib\site-packages\pyscreeze\__init__.py", line 447, in locateCenterOnScreen
    coords = locateOnScreen(image, **kwargs)
             ^^^^^^^^^^^^^^^^^^^^^^^^^^^^^^^
  File "C:\Users\elias\AppData\Local\Programs\Python\Python312\Lib\site-packages\pyscreeze\__init__.py", line 405, in locateOnScreen
    retVal = locate(image, screenshotIm, **kwargs)
             ^^^^^^^^^^^^^^^^^^^^^^^^^^^^^^^^^^^^^
  File "C:\Users\elias\AppData\Local\Programs\Python\Python312\Lib\site-packages\pyscreeze\__init__.py", line 383, in locate
    points = tuple(locateAll(needleImage, haystackImage, **kwargs))
             ^^^^^^^^^^^^^^^^^^^^^^^^^^^^^^^^^^^^^^^^^^^^^^^^^^^^^^
  File "C:\Users\elias\AppData\Local\Programs\Python\Python312\Lib\site-packages\pyscreeze\__init__.py", line 371, in _locateAll_pillow
    raise ImageNotFoundException('Could not locate the image.')
pyscreeze.ImageNotFoundException: Could not locate the image.

During handling of the above exception, another exception occurred:

Traceback (most recent call last):
  File "C:\Users\elias\Workspace\python-automation\pyautogui_reconhecimento_imagem.py", line 45, in clicando_no_captcha
    captcha = pyautogui.locateCenterOnScreen('assets/captcha.png')
              ^^^^^^^^^^^^^^^^^^^^^^^^^^^^^^^^^^^^^^^^^^^^^^^^^^^^
  File "C:\Users\elias\AppData\Local\Programs\Python\Python312\Lib\site-packages\pyautogui\__init__.py", line 174, in wrapper
    raise ImageNotFoundException  # Raise PyAutoGUI's ImageNotFoundException.
    ^^^^^^^^^^^^^^^^^^^^^^^^^^^^
pyautogui.ImageNotFoundException
2024-01-02 19:15:35,076 - root - INFO - INICIO: Clicando no captcha.
2024-01-02 19:15:35,104 - PIL.PngImagePlugin - DEBUG - STREAM b'IHDR' 16 13
2024-01-02 19:15:35,104 - PIL.PngImagePlugin - DEBUG - STREAM b'sRGB' 41 1
2024-01-02 19:15:35,104 - PIL.PngImagePlugin - DEBUG - STREAM b'gAMA' 54 4
2024-01-02 19:15:35,104 - PIL.PngImagePlugin - DEBUG - STREAM b'pHYs' 70 9
2024-01-02 19:15:35,104 - PIL.PngImagePlugin - DEBUG - STREAM b'iTXt' 91 93
2024-01-02 19:15:35,104 - PIL.PngImagePlugin - DEBUG - STREAM b'IDAT' 196 235
2024-01-02 19:15:36,432 - root - INFO - Captcha clicado.
2024-01-02 19:16:43,067 - root - INFO - INICIO: Clicando no captcha.
2024-01-02 19:16:43,116 - PIL.PngImagePlugin - DEBUG - STREAM b'IHDR' 16 13
2024-01-02 19:16:43,116 - PIL.PngImagePlugin - DEBUG - STREAM b'sRGB' 41 1
2024-01-02 19:16:43,116 - PIL.PngImagePlugin - DEBUG - STREAM b'gAMA' 54 4
2024-01-02 19:16:43,116 - PIL.PngImagePlugin - DEBUG - STREAM b'pHYs' 70 9
2024-01-02 19:16:43,116 - PIL.PngImagePlugin - DEBUG - STREAM b'iTXt' 91 93
2024-01-02 19:16:43,116 - PIL.PngImagePlugin - DEBUG - STREAM b'IDAT' 196 235
2024-01-02 19:16:44,445 - root - INFO - Captcha clicado.
2024-01-03 10:12:38,841 - root - INFO - INICIO: Abrindo Facebook.
2024-01-03 10:12:38,895 - root - INFO - Site aberto.
2024-01-03 11:05:46,899 - root - INFO - DEF: abrindo site cursoautomacao.
2024-01-03 11:05:46,953 - root - INFO - site aberto.
2024-01-03 11:05:46,953 - root - INFO - DEF: scroll site cursoautomacao.
2024-01-03 11:05:48,055 - root - INFO - desceu ate o campo "Exemplos Alertas".
2024-01-03 11:06:20,662 - root - INFO - DEF: abrindo site cursoautomacao.
2024-01-03 11:06:20,713 - root - INFO - site aberto.
2024-01-03 11:06:20,713 - root - INFO - DEF: scroll site cursoautomacao.
2024-01-03 11:06:21,815 - root - INFO - desceu ate o campo "Exemplos Alertas".
2024-01-03 11:14:16,394 - root - INFO - DEF: abrindo site cursoautomacao.
2024-01-03 11:14:16,445 - root - INFO - site aberto.
2024-01-03 11:14:16,445 - root - INFO - DEF: scroll site cursoautomacao.
2024-01-03 11:14:19,547 - root - INFO - desceu ate o campo "Exemplos Alertas".
2024-01-03 11:20:43,951 - root - INFO - DEF: abrindo site cursoautomacao.
2024-01-03 11:20:44,005 - root - INFO - site aberto.
2024-01-03 11:20:44,005 - root - INFO - DEF: scroll site cursoautomacao.
2024-01-03 11:20:44,106 - root - INFO - deu um `alt+tab` para .
2024-01-03 11:20:47,208 - root - INFO - desceu ate o campo "Exemplos Alertas".
2024-01-03 11:21:20,371 - root - INFO - DEF: abrindo site cursoautomacao.
2024-01-03 11:21:20,446 - root - INFO - site aberto.
2024-01-03 11:21:37,239 - root - INFO - DEF: scroll site cursoautomacao.
2024-01-03 11:22:01,427 - root - INFO - deu um `alt+tab` para o site.
2024-01-03 11:22:22,883 - root - INFO - desceu ate o campo "Exemplos Alertas".
2024-01-03 11:24:59,545 - root - INFO - DEF: abrindo site cursoautomacao.
2024-01-03 11:24:59,595 - root - INFO - site aberto.
2024-01-03 11:24:59,596 - root - INFO - DEF: scroll site cursoautomacao.
2024-01-03 11:25:00,266 - root - INFO - clicou no site para ativar a janela.
2024-01-03 11:25:03,368 - root - INFO - desceu ate o campo "Exemplos Alertas".
2024-01-03 11:25:21,900 - root - INFO - DEF: abrindo site cursoautomacao.
2024-01-03 11:25:21,960 - root - INFO - site aberto.
2024-01-03 11:25:21,960 - root - INFO - DEF: scroll site cursoautomacao.
2024-01-03 11:25:22,630 - root - INFO - clicou no site para ativar a janela.
2024-01-03 11:25:25,732 - root - INFO - desceu ate o campo "Exemplos Alertas".
2024-01-03 11:26:11,125 - root - INFO - DEF: abrindo site cursoautomacao.
2024-01-03 11:26:11,177 - root - INFO - site aberto.
2024-01-03 11:26:11,177 - root - INFO - DEF: scroll site cursoautomacao.
2024-01-03 11:26:11,839 - root - INFO - clicou no site para ativar a janela.
2024-01-03 11:26:14,940 - root - INFO - desceu ate o campo "Exemplos Alertas".
2024-01-03 11:26:41,658 - root - INFO - DEF: abrindo site cursoautomacao.
2024-01-03 11:26:41,710 - root - INFO - site aberto.
2024-01-03 11:26:41,710 - root - INFO - DEF: scroll site cursoautomacao.
2024-01-03 11:26:42,370 - root - INFO - clicou no site para ativar a janela.
2024-01-03 11:26:45,472 - root - INFO - desceu ate o campo "Exemplos Alertas".
2024-01-03 11:27:14,981 - root - INFO - DEF: scroll site cursoautomacao.
2024-01-03 11:27:15,650 - root - INFO - clicou no site para ativar a janela.
2024-01-03 11:27:18,751 - root - INFO - desceu ate o campo "Exemplos Alertas".
2024-01-03 11:27:30,225 - root - INFO - DEF: scroll site cursoautomacao.
2024-01-03 11:27:30,898 - root - INFO - clicou no site para ativar a janela.
2024-01-03 11:27:34,000 - root - INFO - desceu ate o campo "Exemplos Alertas".
2024-01-03 11:39:54,052 - root - INFO - DEF: digite seu nome.
2024-01-03 11:39:54,090 - PIL.PngImagePlugin - DEBUG - STREAM b'IHDR' 16 13
2024-01-03 11:39:54,090 - PIL.PngImagePlugin - DEBUG - STREAM b'sRGB' 41 1
2024-01-03 11:39:54,090 - PIL.PngImagePlugin - DEBUG - STREAM b'gAMA' 54 4
2024-01-03 11:39:54,090 - PIL.PngImagePlugin - DEBUG - STREAM b'pHYs' 70 9
2024-01-03 11:39:54,090 - PIL.PngImagePlugin - DEBUG - STREAM b'iTXt' 91 95
2024-01-03 11:39:54,091 - PIL.PngImagePlugin - DEBUG - STREAM b'IDAT' 198 1093
2024-01-03 11:39:54,886 - root - INFO - digitou o nome no campo "Exemplos Alertas".
2024-01-03 11:46:47,386 - root - INFO - START APPLICATION...
2024-01-03 11:46:47,386 - root - ERROR - ERRO: ao rodar a aplicacao: digite_seu_nome() missing 1 required positional argument: 'nome'
Traceback (most recent call last):
  File "c:\Users\elias\Workspace\python-automation\pyautogui_sites.py", line 100, in <module>
    digite_seu_nome()
TypeError: digite_seu_nome() missing 1 required positional argument: 'nome'
2024-01-03 11:53:29,486 - root - INFO - START APPLICATION...
2024-01-03 11:53:29,486 - root - ERROR - ERRO: ao rodar a aplicacao: digite_seu_nome() missing 1 required positional argument: 'nome'
2024-01-03 11:58:18,043 - root - INFO - START APPLICATION...
2024-01-03 11:58:18,043 - root - ERROR - ERRO: ao rodar a aplicacao: TypeError: digite_seu_nome() missing 1 required positional argument: 'nome'
  2024-01-03 11:59:58,350 - root - INFO - START APPLICATION...
2024-01-03 11:59:58,350 - root - ERROR - ERRO: ao rodar a aplicacao:
- TypeError: digite_seu_nome() missing 1 required positional argument: 'nome'
2024-01-03 12:01:19,487 - root - INFO - START APPLICATION...
2024-01-03 12:01:19,487 - root - INFO - DEF: digite seu nome.
2024-01-03 12:01:19,530 - PIL.PngImagePlugin - DEBUG - STREAM b'IHDR' 16 13
2024-01-03 12:01:19,530 - PIL.PngImagePlugin - DEBUG - STREAM b'sRGB' 41 1
2024-01-03 12:01:19,530 - PIL.PngImagePlugin - DEBUG - STREAM b'gAMA' 54 4
2024-01-03 12:01:19,530 - PIL.PngImagePlugin - DEBUG - STREAM b'pHYs' 70 9
2024-01-03 12:01:19,530 - PIL.PngImagePlugin - DEBUG - STREAM b'iTXt' 91 95
2024-01-03 12:01:19,530 - PIL.PngImagePlugin - DEBUG - STREAM b'IDAT' 198 1093
2024-01-03 12:01:20,442 - root - INFO - digitou o nome no campo "Exemplos Alertas".
2024-01-03 12:05:15,862 - root - INFO - START APPLICATION...
2024-01-03 12:05:15,862 - root - INFO - DEF: digite seu nome.
2024-01-03 12:05:15,899 - PIL.PngImagePlugin - DEBUG - STREAM b'IHDR' 16 13
2024-01-03 12:05:15,899 - PIL.PngImagePlugin - DEBUG - STREAM b'sRGB' 41 1
2024-01-03 12:05:15,899 - PIL.PngImagePlugin - DEBUG - STREAM b'gAMA' 54 4
2024-01-03 12:05:15,899 - PIL.PngImagePlugin - DEBUG - STREAM b'pHYs' 70 9
2024-01-03 12:05:15,899 - PIL.PngImagePlugin - DEBUG - STREAM b'iTXt' 91 95
2024-01-03 12:05:15,899 - PIL.PngImagePlugin - DEBUG - STREAM b'IDAT' 198 1093
2024-01-03 12:05:16,812 - root - INFO - digitou o nome no campo "Exemplos Alertas".
2024-01-03 12:07:55,169 - root - INFO - START APPLICATION...
2024-01-03 12:07:55,169 - root - INFO - DEF: digite seu nome.
2024-01-03 12:07:55,211 - PIL.PngImagePlugin - DEBUG - STREAM b'IHDR' 16 13
2024-01-03 12:07:55,211 - PIL.PngImagePlugin - DEBUG - STREAM b'sRGB' 41 1
2024-01-03 12:07:55,211 - PIL.PngImagePlugin - DEBUG - STREAM b'gAMA' 54 4
2024-01-03 12:07:55,211 - PIL.PngImagePlugin - DEBUG - STREAM b'pHYs' 70 9
2024-01-03 12:07:55,211 - PIL.PngImagePlugin - DEBUG - STREAM b'iTXt' 91 95
2024-01-03 12:07:55,211 - PIL.PngImagePlugin - DEBUG - STREAM b'IDAT' 198 1093
2024-01-03 12:07:56,125 - root - INFO - digitou o nome no campo "Exemplos Alertas".
2024-01-03 12:42:49,278 - root - INFO - START APPLICATION...
2024-01-03 12:42:49,278 - root - INFO - DEF: digite seu nome.
2024-01-03 12:42:49,309 - PIL.PngImagePlugin - DEBUG - STREAM b'IHDR' 16 13
2024-01-03 12:42:49,309 - PIL.PngImagePlugin - DEBUG - STREAM b'sRGB' 41 1
2024-01-03 12:42:49,309 - PIL.PngImagePlugin - DEBUG - STREAM b'gAMA' 54 4
2024-01-03 12:42:49,309 - PIL.PngImagePlugin - DEBUG - STREAM b'pHYs' 70 9
2024-01-03 12:42:49,309 - PIL.PngImagePlugin - DEBUG - STREAM b'iTXt' 91 95
2024-01-03 12:42:49,309 - PIL.PngImagePlugin - DEBUG - STREAM b'IDAT' 198 1093
2024-01-03 12:42:50,225 - root - INFO - digitou o nome no campo "Exemplos Alertas".
2024-01-03 12:42:50,225 - root - INFO - DEF: abrir e fechar alerta.
2024-01-03 12:42:50,264 - PIL.PngImagePlugin - DEBUG - STREAM b'IHDR' 16 13
2024-01-03 12:42:50,264 - PIL.PngImagePlugin - DEBUG - STREAM b'sRGB' 41 1
2024-01-03 12:42:50,264 - PIL.PngImagePlugin - DEBUG - STREAM b'gAMA' 54 4
2024-01-03 12:42:50,264 - PIL.PngImagePlugin - DEBUG - STREAM b'pHYs' 70 9
2024-01-03 12:42:50,264 - PIL.PngImagePlugin - DEBUG - STREAM b'iTXt' 91 93
2024-01-03 12:42:50,264 - PIL.PngImagePlugin - DEBUG - STREAM b'IDAT' 196 604
2024-01-03 12:42:51,068 - root - INFO - clicou no botao de alerta.
2024-01-03 12:42:51,109 - PIL.PngImagePlugin - DEBUG - STREAM b'IHDR' 16 13
2024-01-03 12:42:51,110 - PIL.PngImagePlugin - DEBUG - STREAM b'sRGB' 41 1
2024-01-03 12:42:51,110 - PIL.PngImagePlugin - DEBUG - STREAM b'gAMA' 54 4
2024-01-03 12:42:51,110 - PIL.PngImagePlugin - DEBUG - STREAM b'pHYs' 70 9
2024-01-03 12:42:51,110 - PIL.PngImagePlugin - DEBUG - STREAM b'iTXt' 91 93
2024-01-03 12:42:51,110 - PIL.PngImagePlugin - DEBUG - STREAM b'IDAT' 196 508
2024-01-03 12:42:51,385 - root - ERROR - ERRO: ao abrir e fechar alerta: 
Traceback (most recent call last):
  File "C:\Users\elias\AppData\Local\Programs\Python\Python312\Lib\site-packages\pyautogui\__init__.py", line 172, in wrapper
    return wrappedFunction(*args, **kwargs)
           ^^^^^^^^^^^^^^^^^^^^^^^^^^^^^^^^
  File "C:\Users\elias\AppData\Local\Programs\Python\Python312\Lib\site-packages\pyautogui\__init__.py", line 204, in locateCenterOnScreen
    return pyscreeze.locateCenterOnScreen(*args, **kwargs)
           ^^^^^^^^^^^^^^^^^^^^^^^^^^^^^^^^^^^^^^^^^^^^^^^
  File "C:\Users\elias\AppData\Local\Programs\Python\Python312\Lib\site-packages\pyscreeze\__init__.py", line 447, in locateCenterOnScreen
    coords = locateOnScreen(image, **kwargs)
             ^^^^^^^^^^^^^^^^^^^^^^^^^^^^^^^
  File "C:\Users\elias\AppData\Local\Programs\Python\Python312\Lib\site-packages\pyscreeze\__init__.py", line 405, in locateOnScreen
    retVal = locate(image, screenshotIm, **kwargs)
             ^^^^^^^^^^^^^^^^^^^^^^^^^^^^^^^^^^^^^
  File "C:\Users\elias\AppData\Local\Programs\Python\Python312\Lib\site-packages\pyscreeze\__init__.py", line 383, in locate
    points = tuple(locateAll(needleImage, haystackImage, **kwargs))
             ^^^^^^^^^^^^^^^^^^^^^^^^^^^^^^^^^^^^^^^^^^^^^^^^^^^^^^
  File "C:\Users\elias\AppData\Local\Programs\Python\Python312\Lib\site-packages\pyscreeze\__init__.py", line 371, in _locateAll_pillow
    raise ImageNotFoundException('Could not locate the image.')
pyscreeze.ImageNotFoundException: Could not locate the image.

During handling of the above exception, another exception occurred:

Traceback (most recent call last):
  File "c:\Users\elias\Workspace\python-automation\pyautogui_sites.py", line 86, in abrir_fechar_alerta
    captcha = pyautogui.locateCenterOnScreen('assets/fechar-alerta.png')
              ^^^^^^^^^^^^^^^^^^^^^^^^^^^^^^^^^^^^^^^^^^^^^^^^^^^^^^^^^^
  File "C:\Users\elias\AppData\Local\Programs\Python\Python312\Lib\site-packages\pyautogui\__init__.py", line 174, in wrapper
    raise ImageNotFoundException  # Raise PyAutoGUI's ImageNotFoundException.
    ^^^^^^^^^^^^^^^^^^^^^^^^^^^^
pyautogui.ImageNotFoundException
2024-01-03 12:46:19,563 - root - INFO - START APPLICATION...
2024-01-03 12:46:19,563 - root - INFO - DEF: digite seu nome.
2024-01-03 12:46:19,601 - PIL.PngImagePlugin - DEBUG - STREAM b'IHDR' 16 13
2024-01-03 12:46:19,601 - PIL.PngImagePlugin - DEBUG - STREAM b'sRGB' 41 1
2024-01-03 12:46:19,601 - PIL.PngImagePlugin - DEBUG - STREAM b'gAMA' 54 4
2024-01-03 12:46:19,601 - PIL.PngImagePlugin - DEBUG - STREAM b'pHYs' 70 9
2024-01-03 12:46:19,601 - PIL.PngImagePlugin - DEBUG - STREAM b'iTXt' 91 95
2024-01-03 12:46:19,601 - PIL.PngImagePlugin - DEBUG - STREAM b'IDAT' 198 1093
2024-01-03 12:46:20,514 - root - INFO - digitou o nome no campo "Exemplos Alertas".
2024-01-03 12:46:20,514 - root - INFO - DEF: abrir e fechar alerta.
2024-01-03 12:46:20,569 - PIL.PngImagePlugin - DEBUG - STREAM b'IHDR' 16 13
2024-01-03 12:46:20,569 - PIL.PngImagePlugin - DEBUG - STREAM b'sRGB' 41 1
2024-01-03 12:46:20,569 - PIL.PngImagePlugin - DEBUG - STREAM b'gAMA' 54 4
2024-01-03 12:46:20,569 - PIL.PngImagePlugin - DEBUG - STREAM b'pHYs' 70 9
2024-01-03 12:46:20,569 - PIL.PngImagePlugin - DEBUG - STREAM b'iTXt' 91 93
2024-01-03 12:46:20,569 - PIL.PngImagePlugin - DEBUG - STREAM b'IDAT' 196 604
2024-01-03 12:46:21,373 - root - INFO - clicou no botao de alerta.
2024-01-03 12:46:21,413 - PIL.PngImagePlugin - DEBUG - STREAM b'IHDR' 16 13
2024-01-03 12:46:21,413 - PIL.PngImagePlugin - DEBUG - STREAM b'sRGB' 41 1
2024-01-03 12:46:21,413 - PIL.PngImagePlugin - DEBUG - STREAM b'gAMA' 54 4
2024-01-03 12:46:21,413 - PIL.PngImagePlugin - DEBUG - STREAM b'pHYs' 70 9
2024-01-03 12:46:21,413 - PIL.PngImagePlugin - DEBUG - STREAM b'iTXt' 91 93
2024-01-03 12:46:21,413 - PIL.PngImagePlugin - DEBUG - STREAM b'IDAT' 196 648
2024-01-03 12:46:21,707 - root - ERROR - ERRO: ao abrir e fechar alerta
- ImageNotFoundException: 
2024-01-03 12:48:34,066 - root - INFO - START APPLICATION...
2024-01-03 12:48:34,066 - root - INFO - DEF: digite seu nome.
2024-01-03 12:48:34,097 - PIL.PngImagePlugin - DEBUG - STREAM b'IHDR' 16 13
2024-01-03 12:48:34,097 - PIL.PngImagePlugin - DEBUG - STREAM b'sRGB' 41 1
2024-01-03 12:48:34,097 - PIL.PngImagePlugin - DEBUG - STREAM b'gAMA' 54 4
2024-01-03 12:48:34,097 - PIL.PngImagePlugin - DEBUG - STREAM b'pHYs' 70 9
2024-01-03 12:48:34,097 - PIL.PngImagePlugin - DEBUG - STREAM b'iTXt' 91 95
2024-01-03 12:48:34,097 - PIL.PngImagePlugin - DEBUG - STREAM b'IDAT' 198 1093
2024-01-03 12:48:35,015 - root - INFO - digitou o nome no campo "Exemplos Alertas".
2024-01-03 12:48:35,015 - root - INFO - DEF: abrir e fechar alerta.
2024-01-03 12:48:35,054 - PIL.PngImagePlugin - DEBUG - STREAM b'IHDR' 16 13
2024-01-03 12:48:35,054 - PIL.PngImagePlugin - DEBUG - STREAM b'sRGB' 41 1
2024-01-03 12:48:35,054 - PIL.PngImagePlugin - DEBUG - STREAM b'gAMA' 54 4
2024-01-03 12:48:35,054 - PIL.PngImagePlugin - DEBUG - STREAM b'pHYs' 70 9
2024-01-03 12:48:35,054 - PIL.PngImagePlugin - DEBUG - STREAM b'iTXt' 91 93
2024-01-03 12:48:35,054 - PIL.PngImagePlugin - DEBUG - STREAM b'IDAT' 196 604
2024-01-03 12:48:35,856 - root - INFO - clicou no botao de alerta.
2024-01-03 12:48:36,957 - root - INFO - fechou o alerta.
2024-01-03 13:17:44,443 - root - INFO - START APPLICATION...
2024-01-03 13:17:44,443 - root - INFO - DEF: sobe ate o inicio da pagina e desce ate downloads
2024-01-03 13:17:45,557 - root - INFO - subiu ate o inicio da pagina
2024-01-03 13:17:46,659 - root - INFO - desceu até downlods de arquivos
2024-01-03 13:17:46,659 - root - INFO - END APPLICATION
2024-01-03 13:18:16,190 - root - INFO - START APPLICATION...
2024-01-03 13:18:16,190 - root - INFO - DEF: digite seu nome
2024-01-03 13:18:16,236 - PIL.PngImagePlugin - DEBUG - STREAM b'IHDR' 16 13
2024-01-03 13:18:16,236 - PIL.PngImagePlugin - DEBUG - STREAM b'sRGB' 41 1
2024-01-03 13:18:16,236 - PIL.PngImagePlugin - DEBUG - STREAM b'gAMA' 54 4
2024-01-03 13:18:16,236 - PIL.PngImagePlugin - DEBUG - STREAM b'pHYs' 70 9
2024-01-03 13:18:16,236 - PIL.PngImagePlugin - DEBUG - STREAM b'iTXt' 91 95
2024-01-03 13:18:16,237 - PIL.PngImagePlugin - DEBUG - STREAM b'IDAT' 198 1093
2024-01-03 13:18:17,187 - root - INFO - digitou o nome no campo "Exemplos Alertas"
2024-01-03 13:18:17,187 - root - INFO - DEF: abrir e fechar alerta
2024-01-03 13:18:17,208 - PIL.PngImagePlugin - DEBUG - STREAM b'IHDR' 16 13
2024-01-03 13:18:17,208 - PIL.PngImagePlugin - DEBUG - STREAM b'sRGB' 41 1
2024-01-03 13:18:17,208 - PIL.PngImagePlugin - DEBUG - STREAM b'gAMA' 54 4
2024-01-03 13:18:17,208 - PIL.PngImagePlugin - DEBUG - STREAM b'pHYs' 70 9
2024-01-03 13:18:17,208 - PIL.PngImagePlugin - DEBUG - STREAM b'iTXt' 91 93
2024-01-03 13:18:17,208 - PIL.PngImagePlugin - DEBUG - STREAM b'IDAT' 196 604
2024-01-03 13:18:18,045 - root - INFO - clicou no botao de alerta
2024-01-03 13:18:19,147 - root - INFO - fechou o alerta
2024-01-03 13:18:19,147 - root - INFO - DEF: sobe ate o inicio da pagina e desce ate downloads
2024-01-03 13:18:20,249 - root - INFO - subiu ate o inicio da pagina
2024-01-03 13:18:21,351 - root - INFO - desceu até downlods de arquivos
2024-01-03 13:18:21,351 - root - INFO - END APPLICATION
2024-01-03 13:18:57,325 - root - INFO - START APPLICATION...
2024-01-03 13:18:57,326 - root - INFO - DEF: abrindo site cursoautomacao
2024-01-03 13:18:57,375 - root - INFO - site aberto
2024-01-03 13:18:57,375 - root - INFO - DEF: scroll site cursoautomacao
2024-01-03 13:18:58,041 - root - INFO - clicou no site para ativar a janela
2024-01-03 13:19:01,143 - root - INFO - desceu ate o campo "Exemplos Alertas"
2024-01-03 13:19:01,143 - root - INFO - DEF: digite seu nome
2024-01-03 13:19:01,185 - PIL.PngImagePlugin - DEBUG - STREAM b'IHDR' 16 13
2024-01-03 13:19:01,185 - PIL.PngImagePlugin - DEBUG - STREAM b'sRGB' 41 1
2024-01-03 13:19:01,185 - PIL.PngImagePlugin - DEBUG - STREAM b'gAMA' 54 4
2024-01-03 13:19:01,185 - PIL.PngImagePlugin - DEBUG - STREAM b'pHYs' 70 9
2024-01-03 13:19:01,185 - PIL.PngImagePlugin - DEBUG - STREAM b'iTXt' 91 95
2024-01-03 13:19:01,185 - PIL.PngImagePlugin - DEBUG - STREAM b'IDAT' 198 1093
2024-01-03 13:19:02,212 - root - INFO - digitou o nome no campo "Exemplos Alertas"
2024-01-03 13:19:02,212 - root - INFO - DEF: abrir e fechar alerta
2024-01-03 13:19:02,236 - PIL.PngImagePlugin - DEBUG - STREAM b'IHDR' 16 13
2024-01-03 13:19:02,236 - PIL.PngImagePlugin - DEBUG - STREAM b'sRGB' 41 1
2024-01-03 13:19:02,236 - PIL.PngImagePlugin - DEBUG - STREAM b'gAMA' 54 4
2024-01-03 13:19:02,236 - PIL.PngImagePlugin - DEBUG - STREAM b'pHYs' 70 9
2024-01-03 13:19:02,236 - PIL.PngImagePlugin - DEBUG - STREAM b'iTXt' 91 93
2024-01-03 13:19:02,236 - PIL.PngImagePlugin - DEBUG - STREAM b'IDAT' 196 604
2024-01-03 13:19:02,954 - root - INFO - clicou no botao de alerta
2024-01-03 13:19:04,056 - root - INFO - fechou o alerta
2024-01-03 13:19:04,056 - root - INFO - DEF: sobe ate o inicio da pagina e desce ate downloads
2024-01-03 13:19:05,158 - root - INFO - subiu ate o inicio da pagina
2024-01-03 13:19:06,261 - root - INFO - desceu até downlods de arquivos
2024-01-03 13:19:06,261 - root - INFO - END APPLICATION
2024-01-03 13:19:54,662 - root - INFO - START APPLICATION...
2024-01-03 13:19:54,662 - root - INFO - DEF: abrindo site cursoautomacao
2024-01-03 13:19:54,712 - root - INFO - site aberto
2024-01-03 13:19:54,712 - root - INFO - DEF: scroll site cursoautomacao
2024-01-03 13:19:55,383 - root - INFO - clicou no site para ativar a janela
2024-01-03 13:19:58,485 - root - INFO - desceu ate o campo "Exemplos Alertas"
2024-01-03 13:19:58,485 - root - INFO - DEF: digite seu nome
2024-01-03 13:19:59,527 - PIL.PngImagePlugin - DEBUG - STREAM b'IHDR' 16 13
2024-01-03 13:19:59,527 - PIL.PngImagePlugin - DEBUG - STREAM b'sRGB' 41 1
2024-01-03 13:19:59,527 - PIL.PngImagePlugin - DEBUG - STREAM b'gAMA' 54 4
2024-01-03 13:19:59,527 - PIL.PngImagePlugin - DEBUG - STREAM b'pHYs' 70 9
2024-01-03 13:19:59,527 - PIL.PngImagePlugin - DEBUG - STREAM b'iTXt' 91 95
2024-01-03 13:19:59,527 - PIL.PngImagePlugin - DEBUG - STREAM b'IDAT' 198 1093
2024-01-03 13:20:00,431 - root - INFO - digitou o nome no campo "Exemplos Alertas"
2024-01-03 13:20:00,431 - root - INFO - DEF: abrir e fechar alerta
2024-01-03 13:20:00,476 - PIL.PngImagePlugin - DEBUG - STREAM b'IHDR' 16 13
2024-01-03 13:20:00,476 - PIL.PngImagePlugin - DEBUG - STREAM b'sRGB' 41 1
2024-01-03 13:20:00,476 - PIL.PngImagePlugin - DEBUG - STREAM b'gAMA' 54 4
2024-01-03 13:20:00,476 - PIL.PngImagePlugin - DEBUG - STREAM b'pHYs' 70 9
2024-01-03 13:20:00,476 - PIL.PngImagePlugin - DEBUG - STREAM b'iTXt' 91 93
2024-01-03 13:20:00,476 - PIL.PngImagePlugin - DEBUG - STREAM b'IDAT' 196 604
2024-01-03 13:20:01,264 - root - INFO - clicou no botao de alerta
2024-01-03 13:20:02,366 - root - INFO - fechou o alerta
2024-01-03 13:20:02,366 - root - INFO - DEF: sobe ate o inicio da pagina e desce ate downloads
2024-01-03 13:20:03,469 - root - INFO - subiu ate o inicio da pagina
2024-01-03 13:20:04,571 - root - INFO - desceu até downlods de arquivos
2024-01-03 13:20:04,571 - root - INFO - END APPLICATION
2024-01-03 13:21:48,507 - root - INFO - START APPLICATION...
2024-01-03 13:21:48,507 - root - INFO - DEF: abrindo site cursoautomacao
2024-01-03 13:21:48,547 - root - INFO - site aberto
2024-01-03 13:21:48,547 - root - INFO - DEF: scroll site cursoautomacao
2024-01-03 13:21:49,217 - root - INFO - clicou no site para ativar a janela
2024-01-03 13:21:52,319 - root - INFO - desceu ate o campo "Exemplos Alertas"
2024-01-03 13:21:52,319 - root - INFO - DEF: digite seu nome
2024-01-03 13:21:53,354 - PIL.PngImagePlugin - DEBUG - STREAM b'IHDR' 16 13
2024-01-03 13:21:53,354 - PIL.PngImagePlugin - DEBUG - STREAM b'sRGB' 41 1
2024-01-03 13:21:53,354 - PIL.PngImagePlugin - DEBUG - STREAM b'gAMA' 54 4
2024-01-03 13:21:53,354 - PIL.PngImagePlugin - DEBUG - STREAM b'pHYs' 70 9
2024-01-03 13:21:53,354 - PIL.PngImagePlugin - DEBUG - STREAM b'iTXt' 91 95
2024-01-03 13:21:53,354 - PIL.PngImagePlugin - DEBUG - STREAM b'IDAT' 198 1093
2024-01-03 13:21:54,249 - root - INFO - digitou o nome no campo "Exemplos Alertas"
2024-01-03 13:21:54,249 - root - INFO - DEF: abrir e fechar alerta
2024-01-03 13:21:54,280 - PIL.PngImagePlugin - DEBUG - STREAM b'IHDR' 16 13
2024-01-03 13:21:54,280 - PIL.PngImagePlugin - DEBUG - STREAM b'sRGB' 41 1
2024-01-03 13:21:54,280 - PIL.PngImagePlugin - DEBUG - STREAM b'gAMA' 54 4
2024-01-03 13:21:54,280 - PIL.PngImagePlugin - DEBUG - STREAM b'pHYs' 70 9
2024-01-03 13:21:54,280 - PIL.PngImagePlugin - DEBUG - STREAM b'iTXt' 91 93
2024-01-03 13:21:54,280 - PIL.PngImagePlugin - DEBUG - STREAM b'IDAT' 196 604
2024-01-03 13:21:55,074 - root - INFO - clicou no botao de alerta
2024-01-03 13:21:56,175 - root - INFO - fechou o alerta
2024-01-03 13:21:56,175 - root - INFO - DEF: sobe ate o inicio da pagina e desce ate downloads
2024-01-03 13:21:57,277 - root - INFO - subiu ate o inicio da pagina
2024-01-03 13:21:58,379 - root - INFO - desceu até downlods de arquivos
2024-01-03 13:21:58,379 - root - INFO - END APPLICATION
2024-01-03 13:22:23,326 - root - INFO - START APPLICATION...
2024-01-03 13:22:23,326 - root - INFO - DEF: abrindo site cursoautomacao
2024-01-03 13:22:23,375 - root - INFO - site aberto
2024-01-03 13:22:23,375 - root - INFO - DEF: scroll site cursoautomacao
2024-01-03 13:22:24,063 - root - INFO - clicou no site para ativar a janela
2024-01-03 13:22:27,164 - root - INFO - desceu ate o campo "Exemplos Alertas"
2024-01-03 13:22:27,164 - root - INFO - DEF: digite seu nome
2024-01-03 13:22:28,196 - PIL.PngImagePlugin - DEBUG - STREAM b'IHDR' 16 13
2024-01-03 13:22:28,196 - PIL.PngImagePlugin - DEBUG - STREAM b'sRGB' 41 1
2024-01-03 13:22:28,196 - PIL.PngImagePlugin - DEBUG - STREAM b'gAMA' 54 4
2024-01-03 13:22:28,196 - PIL.PngImagePlugin - DEBUG - STREAM b'pHYs' 70 9
2024-01-03 13:22:28,196 - PIL.PngImagePlugin - DEBUG - STREAM b'iTXt' 91 95
2024-01-03 13:22:28,196 - PIL.PngImagePlugin - DEBUG - STREAM b'IDAT' 198 1093
2024-01-03 13:22:29,105 - root - INFO - digitou o nome no campo "Exemplos Alertas"
2024-01-03 13:22:29,105 - root - INFO - DEF: abrir e fechar alerta
2024-01-03 13:22:29,133 - PIL.PngImagePlugin - DEBUG - STREAM b'IHDR' 16 13
2024-01-03 13:22:29,133 - PIL.PngImagePlugin - DEBUG - STREAM b'sRGB' 41 1
2024-01-03 13:22:29,133 - PIL.PngImagePlugin - DEBUG - STREAM b'gAMA' 54 4
2024-01-03 13:22:29,133 - PIL.PngImagePlugin - DEBUG - STREAM b'pHYs' 70 9
2024-01-03 13:22:29,133 - PIL.PngImagePlugin - DEBUG - STREAM b'iTXt' 91 93
2024-01-03 13:22:29,133 - PIL.PngImagePlugin - DEBUG - STREAM b'IDAT' 196 604
2024-01-03 13:22:29,937 - root - INFO - clicou no botao de alerta
2024-01-03 13:22:31,039 - root - INFO - fechou o alerta
2024-01-03 13:22:31,039 - root - INFO - DEF: sobe ate o inicio da pagina e desce ate downloads
2024-01-03 13:22:32,140 - root - INFO - subiu ate o inicio da pagina
2024-01-03 13:22:33,242 - root - INFO - desceu até downlods de arquivos
2024-01-03 13:22:33,242 - root - INFO - END APPLICATION
2024-01-03 13:49:15,521 - root - INFO - START APPLICATION...
2024-01-03 13:49:15,521 - root - INFO - DEF: abrindo site cursoautomacao
2024-01-03 13:49:15,572 - root - INFO - site aberto
2024-01-03 13:49:15,572 - root - INFO - DEF: scroll site cursoautomacao
2024-01-03 13:49:16,240 - root - INFO - clicou no site para ativar a janela
2024-01-03 13:49:19,341 - root - INFO - desceu ate o campo "Exemplos Alertas"
2024-01-03 13:49:19,341 - root - INFO - DEF: digite seu nome
2024-01-03 13:49:20,393 - PIL.PngImagePlugin - DEBUG - STREAM b'IHDR' 16 13
2024-01-03 13:49:20,393 - PIL.PngImagePlugin - DEBUG - STREAM b'sRGB' 41 1
2024-01-03 13:49:20,393 - PIL.PngImagePlugin - DEBUG - STREAM b'gAMA' 54 4
2024-01-03 13:49:20,393 - PIL.PngImagePlugin - DEBUG - STREAM b'pHYs' 70 9
2024-01-03 13:49:20,393 - PIL.PngImagePlugin - DEBUG - STREAM b'iTXt' 91 95
2024-01-03 13:49:20,393 - PIL.PngImagePlugin - DEBUG - STREAM b'IDAT' 198 1093
2024-01-03 13:49:21,286 - root - INFO - digitou o nome no campo "Exemplos Alertas"
2024-01-03 13:49:21,286 - root - INFO - DEF: abrir e fechar alerta
2024-01-03 13:49:21,334 - PIL.PngImagePlugin - DEBUG - STREAM b'IHDR' 16 13
2024-01-03 13:49:21,334 - PIL.PngImagePlugin - DEBUG - STREAM b'sRGB' 41 1
2024-01-03 13:49:21,334 - PIL.PngImagePlugin - DEBUG - STREAM b'gAMA' 54 4
2024-01-03 13:49:21,334 - PIL.PngImagePlugin - DEBUG - STREAM b'pHYs' 70 9
2024-01-03 13:49:21,334 - PIL.PngImagePlugin - DEBUG - STREAM b'iTXt' 91 93
2024-01-03 13:49:21,334 - PIL.PngImagePlugin - DEBUG - STREAM b'IDAT' 196 604
2024-01-03 13:49:22,124 - root - INFO - clicou no botao de alerta
2024-01-03 13:49:23,226 - root - INFO - fechou o alerta
2024-01-03 13:49:23,226 - root - INFO - DEF: sobe ate o inicio da pagina e desce ate downloads
2024-01-03 13:49:24,327 - root - INFO - subiu ate o inicio da pagina
2024-01-03 13:49:25,429 - root - INFO - desceu até downlods de arquivos
2024-01-03 13:49:25,429 - root - INFO - END APPLICATION
2024-01-03 14:38:10,043 - root - INFO - START APPLICATION...
2024-01-03 14:38:10,043 - root - INFO - DEF: download de arquivos
2024-01-03 14:38:10,078 - PIL.PngImagePlugin - DEBUG - STREAM b'IHDR' 16 13
2024-01-03 14:38:10,078 - PIL.PngImagePlugin - DEBUG - STREAM b'sRGB' 41 1
2024-01-03 14:38:10,078 - PIL.PngImagePlugin - DEBUG - STREAM b'gAMA' 54 4
2024-01-03 14:38:10,078 - PIL.PngImagePlugin - DEBUG - STREAM b'pHYs' 70 9
2024-01-03 14:38:10,078 - PIL.PngImagePlugin - DEBUG - STREAM b'iTXt' 91 93
2024-01-03 14:38:10,078 - PIL.PngImagePlugin - DEBUG - STREAM b'IDAT' 196 1194
2024-01-03 14:38:10,163 - root - INFO - downloado do arquivo excel download do arquivo pdf
2024-01-03 14:38:10,163 - root - INFO - END APPLICATION
2024-01-03 14:38:50,492 - root - INFO - START APPLICATION...
2024-01-03 14:38:50,492 - root - INFO - DEF: download de arquivos
2024-01-03 14:38:50,524 - PIL.PngImagePlugin - DEBUG - STREAM b'IHDR' 16 13
2024-01-03 14:38:50,524 - PIL.PngImagePlugin - DEBUG - STREAM b'sRGB' 41 1
2024-01-03 14:38:50,524 - PIL.PngImagePlugin - DEBUG - STREAM b'gAMA' 54 4
2024-01-03 14:38:50,539 - PIL.PngImagePlugin - DEBUG - STREAM b'pHYs' 70 9
2024-01-03 14:38:50,539 - PIL.PngImagePlugin - DEBUG - STREAM b'iTXt' 91 93
2024-01-03 14:38:50,539 - PIL.PngImagePlugin - DEBUG - STREAM b'IDAT' 196 1194
2024-01-03 14:38:50,730 - root - INFO - downloado do arquivo excel download do arquivo pdf
2024-01-03 14:38:50,730 - root - INFO - END APPLICATION
2024-01-03 14:40:26,446 - root - INFO - START APPLICATION...
2024-01-03 14:40:26,446 - root - INFO - DEF: download de arquivos
2024-01-03 14:40:26,493 - PIL.PngImagePlugin - DEBUG - STREAM b'IHDR' 16 13
2024-01-03 14:40:26,493 - PIL.PngImagePlugin - DEBUG - STREAM b'sRGB' 41 1
2024-01-03 14:40:26,493 - PIL.PngImagePlugin - DEBUG - STREAM b'gAMA' 54 4
2024-01-03 14:40:26,493 - PIL.PngImagePlugin - DEBUG - STREAM b'pHYs' 70 9
2024-01-03 14:40:26,493 - PIL.PngImagePlugin - DEBUG - STREAM b'iTXt' 91 93
2024-01-03 14:40:26,493 - PIL.PngImagePlugin - DEBUG - STREAM b'IDAT' 196 1194
2024-01-03 14:40:26,689 - root - INFO - downloado do arquivo excel download do arquivo pdf
2024-01-03 14:40:26,689 - root - INFO - END APPLICATION
2024-01-03 14:42:10,221 - root - INFO - START APPLICATION...
2024-01-03 14:42:10,222 - root - INFO - DEF: download de arquivos
2024-01-03 14:42:10,251 - PIL.PngImagePlugin - DEBUG - STREAM b'IHDR' 16 13
2024-01-03 14:42:10,251 - PIL.PngImagePlugin - DEBUG - STREAM b'sRGB' 41 1
2024-01-03 14:42:10,251 - PIL.PngImagePlugin - DEBUG - STREAM b'gAMA' 54 4
2024-01-03 14:42:10,267 - PIL.PngImagePlugin - DEBUG - STREAM b'pHYs' 70 9
2024-01-03 14:42:10,267 - PIL.PngImagePlugin - DEBUG - STREAM b'iTXt' 91 93
2024-01-03 14:42:10,267 - PIL.PngImagePlugin - DEBUG - STREAM b'IDAT' 196 1194
2024-01-03 14:42:10,561 - root - INFO - downloado do arquivo excel download do arquivo pdf
2024-01-03 14:42:10,561 - root - INFO - END APPLICATION
2024-01-03 14:42:48,031 - root - INFO - START APPLICATION...
2024-01-03 14:42:48,031 - root - INFO - DEF: download de arquivos
2024-01-03 14:42:48,063 - PIL.PngImagePlugin - DEBUG - STREAM b'IHDR' 16 13
2024-01-03 14:42:48,063 - PIL.PngImagePlugin - DEBUG - STREAM b'sRGB' 41 1
2024-01-03 14:42:48,063 - PIL.PngImagePlugin - DEBUG - STREAM b'gAMA' 54 4
2024-01-03 14:42:48,063 - PIL.PngImagePlugin - DEBUG - STREAM b'pHYs' 70 9
2024-01-03 14:42:48,063 - PIL.PngImagePlugin - DEBUG - STREAM b'iTXt' 91 93
2024-01-03 14:42:48,063 - PIL.PngImagePlugin - DEBUG - STREAM b'IDAT' 196 1194
2024-01-03 14:42:48,370 - root - INFO - downloado do arquivo excel download do arquivo pdf
2024-01-03 14:42:48,370 - root - INFO - END APPLICATION
2024-01-03 14:55:22,931 - root - INFO - START APPLICATION...
2024-01-03 14:55:22,932 - root - INFO - DEF: download de arquivos
2024-01-03 14:55:23,985 - PIL.PngImagePlugin - DEBUG - STREAM b'IHDR' 16 13
2024-01-03 14:55:23,985 - PIL.PngImagePlugin - DEBUG - STREAM b'sRGB' 41 1
2024-01-03 14:55:23,985 - PIL.PngImagePlugin - DEBUG - STREAM b'gAMA' 54 4
2024-01-03 14:55:23,985 - PIL.PngImagePlugin - DEBUG - STREAM b'pHYs' 70 9
2024-01-03 14:55:23,985 - PIL.PngImagePlugin - DEBUG - STREAM b'iTXt' 91 93
2024-01-03 14:55:23,985 - PIL.PngImagePlugin - DEBUG - STREAM b'IDAT' 196 1194
2024-01-03 14:55:24,306 - root - INFO - downloado do arquivo excel
2024-01-03 14:55:25,335 - PIL.PngImagePlugin - DEBUG - STREAM b'IHDR' 16 13
2024-01-03 14:55:25,335 - PIL.PngImagePlugin - DEBUG - STREAM b'sRGB' 41 1
2024-01-03 14:55:25,335 - PIL.PngImagePlugin - DEBUG - STREAM b'gAMA' 54 4
2024-01-03 14:55:25,335 - PIL.PngImagePlugin - DEBUG - STREAM b'pHYs' 70 9
2024-01-03 14:55:25,335 - PIL.PngImagePlugin - DEBUG - STREAM b'iTXt' 91 93
2024-01-03 14:55:25,335 - PIL.PngImagePlugin - DEBUG - STREAM b'IDAT' 196 787
2024-01-03 14:55:25,694 - root - ERROR - ERRO: ao fazer download dos arquivos
- ImageNotFoundException: 
2024-01-03 14:55:32,691 - root - INFO - END APPLICATION
2024-01-03 14:57:20,233 - root - INFO - START APPLICATION...
2024-01-03 14:57:20,233 - root - INFO - DEF: download de arquivos
2024-01-03 14:57:21,286 - root - ERROR - ERRO: ao fazer download dos arquivos
- TypeError: _locateAll_pillow() got an unexpected keyword argument 'duration'
2024-01-03 14:57:24,226 - root - INFO - END APPLICATION
2024-01-03 14:57:59,996 - root - INFO - START APPLICATION...
2024-01-03 14:57:59,996 - root - INFO - DEF: download de arquivos
2024-01-03 14:58:01,031 - root - ERROR - ERRO: ao fazer download dos arquivos
- TypeError: _locateAll_pillow() got an unexpected keyword argument 'delay'
2024-01-03 14:58:02,328 - root - INFO - END APPLICATION
2024-01-03 14:58:16,313 - root - INFO - START APPLICATION...
2024-01-03 14:58:16,313 - root - INFO - DEF: download de arquivos
2024-01-03 14:58:17,362 - PIL.PngImagePlugin - DEBUG - STREAM b'IHDR' 16 13
2024-01-03 14:58:17,362 - PIL.PngImagePlugin - DEBUG - STREAM b'sRGB' 41 1
2024-01-03 14:58:17,362 - PIL.PngImagePlugin - DEBUG - STREAM b'gAMA' 54 4
2024-01-03 14:58:17,362 - PIL.PngImagePlugin - DEBUG - STREAM b'pHYs' 70 9
2024-01-03 14:58:17,362 - PIL.PngImagePlugin - DEBUG - STREAM b'iTXt' 91 93
2024-01-03 14:58:17,362 - PIL.PngImagePlugin - DEBUG - STREAM b'IDAT' 196 1194
2024-01-03 14:58:18,802 - root - INFO - downloado do arquivo excel
2024-01-03 14:58:19,837 - PIL.PngImagePlugin - DEBUG - STREAM b'IHDR' 16 13
2024-01-03 14:58:19,837 - PIL.PngImagePlugin - DEBUG - STREAM b'sRGB' 41 1
2024-01-03 14:58:19,837 - PIL.PngImagePlugin - DEBUG - STREAM b'gAMA' 54 4
2024-01-03 14:58:19,837 - PIL.PngImagePlugin - DEBUG - STREAM b'pHYs' 70 9
2024-01-03 14:58:19,837 - PIL.PngImagePlugin - DEBUG - STREAM b'iTXt' 91 93
2024-01-03 14:58:19,837 - PIL.PngImagePlugin - DEBUG - STREAM b'IDAT' 196 787
2024-01-03 14:58:20,212 - root - ERROR - ERRO: ao fazer download dos arquivos
- ImageNotFoundException: 
2024-01-03 14:58:28,768 - root - INFO - END APPLICATION
2024-01-03 14:59:10,103 - root - INFO - START APPLICATION...
2024-01-03 14:59:10,103 - root - INFO - DEF: download de arquivos
2024-01-03 14:59:11,155 - PIL.PngImagePlugin - DEBUG - STREAM b'IHDR' 16 13
2024-01-03 14:59:11,155 - PIL.PngImagePlugin - DEBUG - STREAM b'sRGB' 41 1
2024-01-03 14:59:11,155 - PIL.PngImagePlugin - DEBUG - STREAM b'gAMA' 54 4
2024-01-03 14:59:11,155 - PIL.PngImagePlugin - DEBUG - STREAM b'pHYs' 70 9
2024-01-03 14:59:11,155 - PIL.PngImagePlugin - DEBUG - STREAM b'iTXt' 91 93
2024-01-03 14:59:11,155 - PIL.PngImagePlugin - DEBUG - STREAM b'IDAT' 196 1194
2024-01-03 14:59:13,674 - root - INFO - downloado do arquivo excel
2024-01-03 14:59:14,701 - PIL.PngImagePlugin - DEBUG - STREAM b'IHDR' 16 13
2024-01-03 14:59:14,701 - PIL.PngImagePlugin - DEBUG - STREAM b'sRGB' 41 1
2024-01-03 14:59:14,701 - PIL.PngImagePlugin - DEBUG - STREAM b'gAMA' 54 4
2024-01-03 14:59:14,701 - PIL.PngImagePlugin - DEBUG - STREAM b'pHYs' 70 9
2024-01-03 14:59:14,701 - PIL.PngImagePlugin - DEBUG - STREAM b'iTXt' 91 93
2024-01-03 14:59:14,701 - PIL.PngImagePlugin - DEBUG - STREAM b'IDAT' 196 787
2024-01-03 14:59:17,272 - root - INFO - downloado do arquivo pdf
2024-01-03 14:59:17,272 - root - INFO - END APPLICATION
2024-01-03 15:33:19,245 - root - INFO - START APPLICATION...
2024-01-03 15:33:19,245 - root - INFO - DEF: download de arquivos
2024-01-03 15:33:20,296 - PIL.PngImagePlugin - DEBUG - STREAM b'IHDR' 16 13
2024-01-03 15:33:20,296 - PIL.PngImagePlugin - DEBUG - STREAM b'sRGB' 41 1
2024-01-03 15:33:20,296 - PIL.PngImagePlugin - DEBUG - STREAM b'gAMA' 54 4
2024-01-03 15:33:20,296 - PIL.PngImagePlugin - DEBUG - STREAM b'pHYs' 70 9
2024-01-03 15:33:20,296 - PIL.PngImagePlugin - DEBUG - STREAM b'iTXt' 91 93
2024-01-03 15:33:20,296 - PIL.PngImagePlugin - DEBUG - STREAM b'IDAT' 196 1194
2024-01-03 15:33:23,952 - root - INFO - downloado do arquivo excel
2024-01-03 15:33:24,990 - PIL.PngImagePlugin - DEBUG - STREAM b'IHDR' 16 13
2024-01-03 15:33:24,990 - PIL.PngImagePlugin - DEBUG - STREAM b'sRGB' 41 1
2024-01-03 15:33:24,990 - PIL.PngImagePlugin - DEBUG - STREAM b'gAMA' 54 4
2024-01-03 15:33:24,990 - PIL.PngImagePlugin - DEBUG - STREAM b'pHYs' 70 9
2024-01-03 15:33:24,990 - PIL.PngImagePlugin - DEBUG - STREAM b'iTXt' 91 93
2024-01-03 15:33:24,990 - PIL.PngImagePlugin - DEBUG - STREAM b'IDAT' 196 787
2024-01-03 15:33:28,633 - root - INFO - downloado do arquivo pdf
2024-01-03 15:33:28,633 - root - INFO - DEF: mover arquivos para a pasta assets
2024-01-03 15:33:35,183 - root - INFO - arquivos movidos para a pasta assets
2024-01-03 15:33:35,183 - root - INFO - END APPLICATION
2024-01-03 15:33:54,858 - root - INFO - START APPLICATION...
2024-01-03 15:33:54,858 - root - INFO - DEF: download de arquivos
2024-01-03 15:33:55,907 - PIL.PngImagePlugin - DEBUG - STREAM b'IHDR' 16 13
2024-01-03 15:33:55,907 - PIL.PngImagePlugin - DEBUG - STREAM b'sRGB' 41 1
2024-01-03 15:33:55,907 - PIL.PngImagePlugin - DEBUG - STREAM b'gAMA' 54 4
2024-01-03 15:33:55,907 - PIL.PngImagePlugin - DEBUG - STREAM b'pHYs' 70 9
2024-01-03 15:33:55,907 - PIL.PngImagePlugin - DEBUG - STREAM b'iTXt' 91 93
2024-01-03 15:33:55,907 - PIL.PngImagePlugin - DEBUG - STREAM b'IDAT' 196 1194
2024-01-03 15:33:59,545 - root - INFO - downloado do arquivo excel
2024-01-03 15:34:00,574 - PIL.PngImagePlugin - DEBUG - STREAM b'IHDR' 16 13
2024-01-03 15:34:00,574 - PIL.PngImagePlugin - DEBUG - STREAM b'sRGB' 41 1
2024-01-03 15:34:00,574 - PIL.PngImagePlugin - DEBUG - STREAM b'gAMA' 54 4
2024-01-03 15:34:00,574 - PIL.PngImagePlugin - DEBUG - STREAM b'pHYs' 70 9
2024-01-03 15:34:00,574 - PIL.PngImagePlugin - DEBUG - STREAM b'iTXt' 91 93
2024-01-03 15:34:00,574 - PIL.PngImagePlugin - DEBUG - STREAM b'IDAT' 196 787
2024-01-03 15:34:04,213 - root - INFO - downloado do arquivo pdf
2024-01-03 15:34:04,213 - root - INFO - DEF: mover arquivos para a pasta assets
2024-01-03 15:34:10,760 - root - INFO - arquivos movidos para a pasta assets
2024-01-03 15:34:10,760 - root - INFO - END APPLICATION
2024-01-03 15:45:07,694 - root - INFO - START APPLICATION...
2024-01-03 15:45:07,695 - root - INFO - DEF: download de arquivos
2024-01-03 15:45:08,747 - PIL.PngImagePlugin - DEBUG - STREAM b'IHDR' 16 13
2024-01-03 15:45:08,748 - PIL.PngImagePlugin - DEBUG - STREAM b'sRGB' 41 1
2024-01-03 15:45:08,748 - PIL.PngImagePlugin - DEBUG - STREAM b'gAMA' 54 4
2024-01-03 15:45:08,748 - PIL.PngImagePlugin - DEBUG - STREAM b'pHYs' 70 9
2024-01-03 15:45:08,748 - PIL.PngImagePlugin - DEBUG - STREAM b'iTXt' 91 93
2024-01-03 15:45:08,748 - PIL.PngImagePlugin - DEBUG - STREAM b'IDAT' 196 1194
2024-01-03 15:45:12,376 - root - INFO - downloado do arquivo excel
2024-01-03 15:45:13,410 - PIL.PngImagePlugin - DEBUG - STREAM b'IHDR' 16 13
2024-01-03 15:45:13,410 - PIL.PngImagePlugin - DEBUG - STREAM b'sRGB' 41 1
2024-01-03 15:45:13,410 - PIL.PngImagePlugin - DEBUG - STREAM b'gAMA' 54 4
2024-01-03 15:45:13,410 - PIL.PngImagePlugin - DEBUG - STREAM b'pHYs' 70 9
2024-01-03 15:45:13,410 - PIL.PngImagePlugin - DEBUG - STREAM b'iTXt' 91 93
2024-01-03 15:45:13,410 - PIL.PngImagePlugin - DEBUG - STREAM b'IDAT' 196 787
2024-01-03 15:45:17,025 - root - INFO - downloado do arquivo pdf
2024-01-03 15:45:17,025 - root - INFO - DEF: mover arquivos para a pasta assets
2024-01-03 15:45:25,671 - root - INFO - arquivos movidos para a pasta assets
2024-01-03 15:45:25,671 - root - INFO - END APPLICATION
2024-01-03 15:45:50,943 - root - INFO - START APPLICATION...
2024-01-03 15:45:50,943 - root - INFO - DEF: download de arquivos
2024-01-03 15:45:51,987 - PIL.PngImagePlugin - DEBUG - STREAM b'IHDR' 16 13
2024-01-03 15:45:51,987 - PIL.PngImagePlugin - DEBUG - STREAM b'sRGB' 41 1
2024-01-03 15:45:51,987 - PIL.PngImagePlugin - DEBUG - STREAM b'gAMA' 54 4
2024-01-03 15:45:51,987 - PIL.PngImagePlugin - DEBUG - STREAM b'pHYs' 70 9
2024-01-03 15:45:51,987 - PIL.PngImagePlugin - DEBUG - STREAM b'iTXt' 91 93
2024-01-03 15:45:51,987 - PIL.PngImagePlugin - DEBUG - STREAM b'IDAT' 196 1194
2024-01-03 15:45:55,604 - root - INFO - downloado do arquivo excel
2024-01-03 15:45:56,647 - PIL.PngImagePlugin - DEBUG - STREAM b'IHDR' 16 13
2024-01-03 15:45:56,648 - PIL.PngImagePlugin - DEBUG - STREAM b'sRGB' 41 1
2024-01-03 15:45:56,648 - PIL.PngImagePlugin - DEBUG - STREAM b'gAMA' 54 4
2024-01-03 15:45:56,648 - PIL.PngImagePlugin - DEBUG - STREAM b'pHYs' 70 9
2024-01-03 15:45:56,648 - PIL.PngImagePlugin - DEBUG - STREAM b'iTXt' 91 93
2024-01-03 15:45:56,648 - PIL.PngImagePlugin - DEBUG - STREAM b'IDAT' 196 787
2024-01-03 15:46:00,286 - root - INFO - downloado do arquivo pdf
2024-01-03 15:46:00,286 - root - INFO - DEF: mover arquivos para a pasta assets
2024-01-03 15:46:08,932 - root - INFO - arquivos movidos para a pasta assets
2024-01-03 15:46:08,932 - root - INFO - END APPLICATION
2024-01-03 15:50:50,445 - root - INFO - START APPLICATION...
2024-01-03 15:50:50,446 - root - INFO - DEF: download de arquivos
2024-01-03 15:50:51,497 - PIL.PngImagePlugin - DEBUG - STREAM b'IHDR' 16 13
2024-01-03 15:50:51,497 - PIL.PngImagePlugin - DEBUG - STREAM b'sRGB' 41 1
2024-01-03 15:50:51,497 - PIL.PngImagePlugin - DEBUG - STREAM b'gAMA' 54 4
2024-01-03 15:50:51,497 - PIL.PngImagePlugin - DEBUG - STREAM b'pHYs' 70 9
2024-01-03 15:50:51,497 - PIL.PngImagePlugin - DEBUG - STREAM b'iTXt' 91 93
2024-01-03 15:50:51,497 - PIL.PngImagePlugin - DEBUG - STREAM b'IDAT' 196 1194
2024-01-03 15:50:55,117 - root - INFO - downloado do arquivo excel
2024-01-03 15:50:56,163 - PIL.PngImagePlugin - DEBUG - STREAM b'IHDR' 16 13
2024-01-03 15:50:56,163 - PIL.PngImagePlugin - DEBUG - STREAM b'sRGB' 41 1
2024-01-03 15:50:56,163 - PIL.PngImagePlugin - DEBUG - STREAM b'gAMA' 54 4
2024-01-03 15:50:56,163 - PIL.PngImagePlugin - DEBUG - STREAM b'pHYs' 70 9
2024-01-03 15:50:56,163 - PIL.PngImagePlugin - DEBUG - STREAM b'iTXt' 91 93
2024-01-03 15:50:56,164 - PIL.PngImagePlugin - DEBUG - STREAM b'IDAT' 196 787
2024-01-03 15:50:59,765 - root - INFO - downloado do arquivo pdf
2024-01-03 15:50:59,765 - root - INFO - DEF: mover arquivos para a pasta assets
2024-01-03 15:51:10,518 - root - INFO - arquivos movidos para a pasta assets
2024-01-03 15:51:10,518 - root - INFO - END APPLICATION
2024-01-03 15:59:47,738 - root - INFO - START APPLICATION...
2024-01-03 15:59:52,272 - root - INFO - alerta de finalizacao executado
2024-01-03 15:59:52,272 - root - INFO - END APPLICATION
2024-01-03 16:01:42,598 - root - INFO - START APPLICATION...
2024-01-03 16:01:42,657 - root - INFO - site aberto
2024-01-03 16:01:43,330 - root - INFO - clicou no site para ativar a janela
2024-01-03 16:01:46,434 - root - INFO - desceu ate o campo "Exemplos Alertas"
2024-01-03 16:01:47,476 - PIL.PngImagePlugin - DEBUG - STREAM b'IHDR' 16 13
2024-01-03 16:01:47,476 - PIL.PngImagePlugin - DEBUG - STREAM b'sRGB' 41 1
2024-01-03 16:01:47,476 - PIL.PngImagePlugin - DEBUG - STREAM b'gAMA' 54 4
2024-01-03 16:01:47,476 - PIL.PngImagePlugin - DEBUG - STREAM b'pHYs' 70 9
2024-01-03 16:01:47,476 - PIL.PngImagePlugin - DEBUG - STREAM b'iTXt' 91 95
2024-01-03 16:01:47,477 - PIL.PngImagePlugin - DEBUG - STREAM b'IDAT' 198 1093
2024-01-03 16:01:48,398 - root - INFO - digitou o nome no campo "Exemplos Alertas"
2024-01-03 16:01:48,429 - PIL.PngImagePlugin - DEBUG - STREAM b'IHDR' 16 13
2024-01-03 16:01:48,429 - PIL.PngImagePlugin - DEBUG - STREAM b'sRGB' 41 1
2024-01-03 16:01:48,429 - PIL.PngImagePlugin - DEBUG - STREAM b'gAMA' 54 4
2024-01-03 16:01:48,429 - PIL.PngImagePlugin - DEBUG - STREAM b'pHYs' 70 9
2024-01-03 16:01:48,429 - PIL.PngImagePlugin - DEBUG - STREAM b'iTXt' 91 93
2024-01-03 16:01:48,429 - PIL.PngImagePlugin - DEBUG - STREAM b'IDAT' 196 604
2024-01-03 16:01:49,233 - root - INFO - clicou no botao de alerta
2024-01-03 16:01:50,335 - root - INFO - fechou o alerta
2024-01-03 16:01:51,437 - root - INFO - subiu ate o inicio da pagina
2024-01-03 16:01:52,538 - root - INFO - desceu até downlods de arquivos
2024-01-03 16:01:53,567 - PIL.PngImagePlugin - DEBUG - STREAM b'IHDR' 16 13
2024-01-03 16:01:53,568 - PIL.PngImagePlugin - DEBUG - STREAM b'sRGB' 41 1
2024-01-03 16:01:53,568 - PIL.PngImagePlugin - DEBUG - STREAM b'gAMA' 54 4
2024-01-03 16:01:53,568 - PIL.PngImagePlugin - DEBUG - STREAM b'pHYs' 70 9
2024-01-03 16:01:53,568 - PIL.PngImagePlugin - DEBUG - STREAM b'iTXt' 91 93
2024-01-03 16:01:53,568 - PIL.PngImagePlugin - DEBUG - STREAM b'IDAT' 196 1194
2024-01-03 16:01:57,222 - root - INFO - downloado do arquivo excel
2024-01-03 16:01:58,263 - PIL.PngImagePlugin - DEBUG - STREAM b'IHDR' 16 13
2024-01-03 16:01:58,263 - PIL.PngImagePlugin - DEBUG - STREAM b'sRGB' 41 1
2024-01-03 16:01:58,263 - PIL.PngImagePlugin - DEBUG - STREAM b'gAMA' 54 4
2024-01-03 16:01:58,263 - PIL.PngImagePlugin - DEBUG - STREAM b'pHYs' 70 9
2024-01-03 16:01:58,263 - PIL.PngImagePlugin - DEBUG - STREAM b'iTXt' 91 93
2024-01-03 16:01:58,263 - PIL.PngImagePlugin - DEBUG - STREAM b'IDAT' 196 787
2024-01-03 16:02:01,896 - root - INFO - downloado do arquivo pdf
2024-01-03 16:02:12,654 - root - INFO - arquivos movidos para a pasta assets
2024-01-03 16:02:16,163 - root - INFO - alerta de finalizacao executado
2024-01-03 16:02:16,163 - root - INFO - END APPLICATION
2024-01-09 17:32:29,602 - root - INFO - INICIO: Enviando Mensagem WhatsApp.
2024-01-09 17:32:50,904 - root - INFO - abriu whatsapp e enviou mensagem.
2024-01-09 17:37:12,155 - root - INFO - abriu whatsapp e enviou mensagem.
2024-01-09 17:41:33,420 - root - INFO - abriu whatsapp e enviou mensagem.
